<?xml version="1.0" encoding="UTF-8" ?>
<testsuite tests="3" failures="1" name="pl.imgw.tests.DownloadWeatherDataTest" time="0.096" errors="0" skipped="2">
  <properties>
[...]
</properties>
  <testcase classname="pl.imgw.tests.DownloadWeatherDataTest" name="checkIfFileIsAlreadyCreated" time="0.032">
    <failure message="File C://Users//urban//OneDrive//Documents//imgw//2021-10-07_jeleniagora.jsonis already created expected [false] but found [true]" type="java.lang.AssertionError">java.lang.AssertionError: File C://Users//urban//OneDrive//Documents//imgw//2021-10-07_jeleniagora.jsonis already created expected [false] but found [true]
	at org.testng.Assert.fail(Assert.java:96)
	at org.testng.Assert.failNotEquals(Assert.java:776)
	at org.testng.Assert.assertFalse(Assert.java:65)
	at pl.imgw.tests.DownloadWeatherDataTest.checkIfFileIsAlreadyCreated(DownloadWeatherDataTest.java:34)
</failure>
    <system-out>Configuring TestNG with: org.apache.maven.surefire.testng.conf.TestNG652Configurator@60215eee
Getting user properties...
User properties:
Directory: C://Users//urban//OneDrive//Documents//imgw
Station name: jeleniagora

Checking if C://Users//urban//OneDrive//Documents//imgw//2021-10-07_jeleniagora.json is already created...
</system-out>
  </testcase>
  <testcase classname="pl.imgw.tests.DownloadWeatherDataTest" name="getApiData" time="0.032">
    <skipped/>
  </testcase>
  <testcase classname="pl.imgw.tests.DownloadWeatherDataTest" name="saveFile" time="0.032">
    <skipped/>
  </testcase>
</testsuite>