<?xml version="1.0" encoding="UTF-8"?>
<!-- Generated by org.testng.reporters.JUnitReportReporter -->
<testsuite hostname="MSI" failures="1" tests="3" name="pl.imgw.tests.DownloadWeatherDataTest" time="0.029" errors="0" timestamp="07 paź 2021 16:39:15 GMT" skipped="2">
  <testcase classname="pl.imgw.tests.DownloadWeatherDataTest" name="checkIfFileIsAlreadyCreated" time="0.029">
    <failure message="File C://Users//urban//OneDrive//Documents//imgw//2021-10-07_jeleniagora.jsonis already created expected [false] but found [true]" type="java.lang.AssertionError">
      <![CDATA[java.lang.AssertionError: File C://Users//urban//OneDrive//Documents//imgw//2021-10-07_jeleniagora.jsonis already created expected [false] but found [true]
at org.testng.Assert.fail(Assert.java:96)
at org.testng.Assert.failNotEquals(Assert.java:776)
at org.testng.Assert.assertFalse(Assert.java:65)
at pl.imgw.tests.DownloadWeatherDataTest.checkIfFileIsAlreadyCreated(DownloadWeatherDataTest.java:34)
at java.base/jdk.internal.reflect.NativeMethodAccessorImpl.invoke0(Native Method)
at java.base/jdk.internal.reflect.NativeMethodAccessorImpl.invoke(NativeMethodAccessorImpl.java:62)
at java.base/jdk.internal.reflect.DelegatingMethodAccessorImpl.invoke(DelegatingMethodAccessorImpl.java:43)
at java.base/java.lang.reflect.Method.invoke(Method.java:567)
at org.testng.internal.MethodInvocationHelper.invokeMethod(MethodInvocationHelper.java:124)
at org.testng.internal.Invoker.invokeMethod(Invoker.java:583)
at org.testng.internal.Invoker.invokeTestMethod(Invoker.java:719)
at org.testng.internal.Invoker.invokeTestMethods(Invoker.java:989)
at org.testng.internal.TestMethodWorker.invokeTestMethods(TestMethodWorker.java:125)
at org.testng.internal.TestMethodWorker.run(TestMethodWorker.java:109)
at java.base/java.util.concurrent.ThreadPoolExecutor.runWorker(ThreadPoolExecutor.java:1128)
at java.base/java.util.concurrent.ThreadPoolExecutor$Worker.run(ThreadPoolExecutor.java:628)
at java.base/java.lang.Thread.run(Thread.java:830)
]]>
    </failure>
  </testcase> <!-- checkIfFileIsAlreadyCreated -->
  <testcase classname="pl.imgw.tests.DownloadWeatherDataTest" name="saveFile" time="0.000">
    <skipped/>
  </testcase> <!-- saveFile -->
  <testcase classname="pl.imgw.tests.DownloadWeatherDataTest" name="getApiData" time="0.000">
    <skipped/>
  </testcase> <!-- getApiData -->
</testsuite> <!-- pl.imgw.tests.DownloadWeatherDataTest -->
