<?xml version="1.0" encoding="UTF-8"?>
<!-- Generated by org.testng.reporters.JUnitXMLReporter -->
<testsuite ignored="0" hostname="MSI" failures="1" tests="3" name="Command line test" time="0.069" errors="0" timestamp="07 paź 2021 16:39:15 GMT">
  <testcase classname="pl.imgw.tests.DownloadWeatherDataTest" name="checkIfFileIsAlreadyCreated" time="0.029">
    <failure type="java.lang.AssertionError" message="File C://Users//urban//OneDrive//Documents//imgw//2021-10-07_jeleniagora.jsonis already created expected [false] but found [true]">
      <![CDATA[java.lang.AssertionError: File C://Users//urban//OneDrive//Documents//imgw//2021-10-07_jeleniagora.jsonis already created expected [false] but found [true]
at pl.imgw.tests.DownloadWeatherDataTest.checkIfFileIsAlreadyCreated(DownloadWeatherDataTest.java:34)
at java.base/java.util.concurrent.ThreadPoolExecutor.runWorker(ThreadPoolExecutor.java:1128)
at java.base/java.util.concurrent.ThreadPoolExecutor$Worker.run(ThreadPoolExecutor.java:628)
at java.base/java.lang.Thread.run(Thread.java:830)
... Removed 13 stack frames]]>
    </failure>
  </testcase> <!-- checkIfFileIsAlreadyCreated -->
  <testcase classname="pl.imgw.tests.DownloadWeatherDataTest" name="getApiData" time="0.0">
    <skipped/>
  </testcase> <!-- getApiData -->
  <testcase classname="pl.imgw.tests.DownloadWeatherDataTest" name="saveFile" time="0.0">
    <skipped/>
  </testcase> <!-- saveFile -->
</testsuite> <!-- Command line test -->
